[2025-09-03 01:35:34] Trainer initialized successfully
[2025-09-03 01:35:34] Model: {'total_parameters': 33997056, 'trainable_parameters': 33997056, 'model_size_mb': 129.6884765625, 'layers': 6, 'embedding_dim': 256, 'hidden_dim': 1024, 'heads': 8, 'vocab_size': 50257}
[2025-09-03 01:35:34] Training config: {'batch_size': 16, 'block_size': 64, 'gradient_accumulation_steps': 8, 'effective_batch_size': 128, 'max_iters': 500, 'learning_rate': 0.0001, 'min_lr': 5e-05, 'weight_decay': 0.1, 'warmup_steps': 1000, 'device': 'cuda', 'mixed_precision': True}
[2025-09-03 01:35:34] Starting training...
[2025-09-03 01:35:34] Training for 500 steps
[2025-09-03 01:36:52] Trainer initialized successfully
[2025-09-03 01:36:52] Model: {'total_parameters': 33997056, 'trainable_parameters': 33997056, 'model_size_mb': 129.6884765625, 'layers': 6, 'embedding_dim': 256, 'hidden_dim': 1024, 'heads': 8, 'vocab_size': 50257}
[2025-09-03 01:36:52] Training config: {'batch_size': 16, 'block_size': 64, 'gradient_accumulation_steps': 8, 'effective_batch_size': 128, 'max_iters': 500, 'learning_rate': 0.0001, 'min_lr': 5e-05, 'weight_decay': 0.1, 'warmup_steps': 1000, 'device': 'cuda', 'mixed_precision': True}
[2025-09-03 01:36:52] Starting training...
[2025-09-03 01:36:52] Training for 500 steps
[2025-09-03 01:37:37] Trainer initialized successfully
[2025-09-03 01:37:37] Model: {'total_parameters': 33997056, 'trainable_parameters': 33997056, 'model_size_mb': 129.6884765625, 'layers': 6, 'embedding_dim': 256, 'hidden_dim': 1024, 'heads': 8, 'vocab_size': 50257}
[2025-09-03 01:37:37] Training config: {'batch_size': 16, 'block_size': 64, 'gradient_accumulation_steps': 8, 'effective_batch_size': 128, 'max_iters': 500, 'learning_rate': 0.0001, 'min_lr': 5e-05, 'weight_decay': 0.1, 'warmup_steps': 100, 'device': 'cuda', 'mixed_precision': False}
[2025-09-03 01:37:37] Starting training...
[2025-09-03 01:37:37] Training for 500 steps
[2025-09-03 01:37:40] Step     10 | Loss: 84.1854 | LR: 1.00e-04 | Tokens/s: 27408 | Time: 0.30s
[2025-09-03 01:37:43] Step     20 | Loss: 80.8982 | LR: 9.98e-05 | Tokens/s: 26078 | Time: 0.31s
[2025-09-03 01:37:46] Step     30 | Loss: 78.2547 | LR: 9.96e-05 | Tokens/s: 25877 | Time: 0.32s
[2025-09-03 01:37:49] Step     40 | Loss: 75.6655 | LR: 9.92e-05 | Tokens/s: 27733 | Time: 0.30s
[2025-09-03 01:37:53] Step     50 | Loss: 72.6552 | LR: 9.88e-05 | Tokens/s: 26352 | Time: 0.31s
[2025-09-03 01:37:56] Step     60 | Loss: 70.6226 | LR: 9.82e-05 | Tokens/s: 27221 | Time: 0.30s
[2025-09-03 01:37:59] Step     70 | Loss: 67.9864 | LR: 9.76e-05 | Tokens/s: 26943 | Time: 0.30s
[2025-09-03 01:38:02] Step     80 | Loss: 65.9651 | LR: 9.69e-05 | Tokens/s: 27641 | Time: 0.30s
[2025-09-03 01:38:05] Step     90 | Loss: 63.7754 | LR: 9.61e-05 | Tokens/s: 27190 | Time: 0.30s
[2025-09-03 01:38:08] Step    100 | Loss: 61.5880 | LR: 9.52e-05 | Tokens/s: 27236 | Time: 0.30s
[2025-09-03 01:38:08] Running evaluation...
[2025-09-03 01:38:09] Eval    100 | Train: 7.6891 | Val: 7.6961 | Time: 1.33s
[2025-09-03 01:38:09] New best validation loss: 7.6961
[2025-09-03 01:38:10] Saved checkpoint: checkpoints\checkpoint_step_100.pt
[2025-09-03 01:38:10] Saved best model: checkpoints\best_model.pt
[2025-09-03 01:38:14] Step    110 | Loss: 59.6836 | LR: 9.43e-05 | Tokens/s: 27431 | Time: 0.30s
[2025-09-03 01:38:17] Step    120 | Loss: 57.6199 | LR: 9.32e-05 | Tokens/s: 27323 | Time: 0.30s
[2025-09-03 01:38:20] Step    130 | Loss: 56.0246 | LR: 9.21e-05 | Tokens/s: 26892 | Time: 0.30s
[2025-09-03 01:38:23] Step    140 | Loss: 54.0786 | LR: 9.09e-05 | Tokens/s: 27430 | Time: 0.30s
[2025-09-03 01:38:26] Step    150 | Loss: 52.7417 | LR: 8.97e-05 | Tokens/s: 27494 | Time: 0.30s
[2025-09-03 01:38:29] Step    160 | Loss: 51.1284 | LR: 8.84e-05 | Tokens/s: 27194 | Time: 0.30s
[2025-09-03 01:38:32] Step    170 | Loss: 49.5055 | LR: 8.70e-05 | Tokens/s: 27381 | Time: 0.30s
[2025-09-03 01:38:35] Step    180 | Loss: 48.2735 | LR: 8.56e-05 | Tokens/s: 27367 | Time: 0.30s
[2025-09-03 01:38:38] Step    190 | Loss: 46.6011 | LR: 8.42e-05 | Tokens/s: 26971 | Time: 0.30s
[2025-09-03 01:38:41] Step    200 | Loss: 45.6991 | LR: 8.27e-05 | Tokens/s: 26959 | Time: 0.30s
[2025-09-03 01:38:41] Running evaluation...
[2025-09-03 01:38:42] Eval    200 | Train: 5.7140 | Val: 5.6962 | Time: 1.23s
[2025-09-03 01:38:42] New best validation loss: 5.6962
[2025-09-03 01:38:43] Saved checkpoint: checkpoints\checkpoint_step_200.pt
[2025-09-03 01:38:43] Saved best model: checkpoints\best_model.pt
[2025-09-03 01:38:47] Step    210 | Loss: 44.8188 | LR: 8.12e-05 | Tokens/s: 27782 | Time: 0.29s
[2025-09-03 01:38:50] Step    220 | Loss: 44.3477 | LR: 7.97e-05 | Tokens/s: 28868 | Time: 0.28s
[2025-09-03 01:38:53] Step    230 | Loss: 42.2811 | LR: 7.81e-05 | Tokens/s: 28970 | Time: 0.28s
[2025-09-03 01:38:56] Step    240 | Loss: 42.6721 | LR: 7.66e-05 | Tokens/s: 27177 | Time: 0.30s
[2025-09-03 01:38:59] Step    250 | Loss: 40.8422 | LR: 7.50e-05 | Tokens/s: 27824 | Time: 0.29s
[2025-09-03 01:39:02] Step    260 | Loss: 41.1061 | LR: 7.34e-05 | Tokens/s: 28774 | Time: 0.28s
[2025-09-03 01:39:05] Step    270 | Loss: 40.6399 | LR: 7.19e-05 | Tokens/s: 27492 | Time: 0.30s
[2025-09-03 01:39:08] Step    280 | Loss: 40.2763 | LR: 7.03e-05 | Tokens/s: 28898 | Time: 0.28s
[2025-09-03 01:39:11] Step    290 | Loss: 39.8133 | LR: 6.88e-05 | Tokens/s: 28295 | Time: 0.29s
[2025-09-03 01:39:14] Step    300 | Loss: 38.9559 | LR: 6.73e-05 | Tokens/s: 27532 | Time: 0.30s
[2025-09-03 01:39:14] Running evaluation...
[2025-09-03 01:39:15] Eval    300 | Train: 4.8883 | Val: 4.8818 | Time: 1.23s
[2025-09-03 01:39:15] New best validation loss: 4.8818
[2025-09-03 01:39:15] Saved checkpoint: checkpoints\checkpoint_step_300.pt
[2025-09-03 01:39:16] Saved best model: checkpoints\best_model.pt
[2025-09-03 01:39:19] Step    310 | Loss: 39.3184 | LR: 6.58e-05 | Tokens/s: 28232 | Time: 0.29s
[2025-09-03 01:39:22] Step    320 | Loss: 38.8073 | LR: 6.44e-05 | Tokens/s: 27915 | Time: 0.29s
[2025-09-03 01:39:25] Step    330 | Loss: 37.9604 | LR: 6.30e-05 | Tokens/s: 27238 | Time: 0.30s
[2025-09-03 01:39:28] Step    340 | Loss: 37.4866 | LR: 6.16e-05 | Tokens/s: 27300 | Time: 0.30s
[2025-09-03 01:39:31] Step    350 | Loss: 38.0091 | LR: 6.03e-05 | Tokens/s: 27415 | Time: 0.30s
[2025-09-03 01:39:34] Step    360 | Loss: 37.0504 | LR: 5.91e-05 | Tokens/s: 27297 | Time: 0.30s
[2025-09-03 01:39:37] Step    370 | Loss: 36.7031 | LR: 5.79e-05 | Tokens/s: 28715 | Time: 0.29s
[2025-09-03 01:39:40] Step    380 | Loss: 36.9603 | LR: 5.68e-05 | Tokens/s: 27471 | Time: 0.30s
[2025-09-03 01:39:43] Step    390 | Loss: 36.6093 | LR: 5.57e-05 | Tokens/s: 26866 | Time: 0.30s
[2025-09-03 01:39:46] Step    400 | Loss: 36.5688 | LR: 5.48e-05 | Tokens/s: 27158 | Time: 0.30s
[2025-09-03 01:39:46] Running evaluation...
[2025-09-03 01:39:47] Eval    400 | Train: 4.5508 | Val: 4.5385 | Time: 1.20s
[2025-09-03 01:39:47] New best validation loss: 4.5385
[2025-09-03 01:39:47] Saved checkpoint: checkpoints\checkpoint_step_400.pt
[2025-09-03 01:39:48] Saved best model: checkpoints\best_model.pt
[2025-09-03 01:39:51] Step    410 | Loss: 36.0181 | LR: 5.39e-05 | Tokens/s: 27727 | Time: 0.30s
[2025-09-03 01:39:54] Step    420 | Loss: 35.7066 | LR: 5.31e-05 | Tokens/s: 28731 | Time: 0.29s
[2025-09-03 01:39:57] Step    430 | Loss: 36.1001 | LR: 5.24e-05 | Tokens/s: 27998 | Time: 0.29s
[2025-09-03 01:40:00] Step    440 | Loss: 35.5395 | LR: 5.18e-05 | Tokens/s: 27273 | Time: 0.30s
[2025-09-03 01:40:03] Step    450 | Loss: 35.7280 | LR: 5.12e-05 | Tokens/s: 29457 | Time: 0.28s
[2025-09-03 01:40:06] Step    460 | Loss: 35.8233 | LR: 5.08e-05 | Tokens/s: 28053 | Time: 0.29s
[2025-09-03 01:40:09] Step    470 | Loss: 35.4248 | LR: 5.04e-05 | Tokens/s: 28777 | Time: 0.28s
[2025-09-03 01:40:12] Step    480 | Loss: 35.1922 | LR: 5.02e-05 | Tokens/s: 28679 | Time: 0.29s
[2025-09-03 01:40:15] Step    490 | Loss: 35.3156 | LR: 5.00e-05 | Tokens/s: 29697 | Time: 0.28s
[2025-09-03 01:40:18] Step    500 | Loss: 34.3963 | LR: 5.00e-05 | Tokens/s: 28336 | Time: 0.29s
[2025-09-03 01:40:18] Running evaluation...
[2025-09-03 01:40:19] Eval    500 | Train: 4.3574 | Val: 4.3133 | Time: 1.19s
[2025-09-03 01:40:19] New best validation loss: 4.3133
[2025-09-03 01:40:19] Saved checkpoint: checkpoints\checkpoint_step_500.pt
[2025-09-03 01:40:20] Saved best model: checkpoints\best_model.pt
[2025-09-03 01:40:21] Saved checkpoint: checkpoints\checkpoint_step_500.pt
[2025-09-03 01:40:21] Training completed!
[2025-09-03 01:40:21] Total training time: 164.44s (0.05h)
[2025-09-03 01:40:21] Running final evaluation...
[2025-09-03 01:40:22] Final losses - Train: 4.3298, Val: 4.3549
[2025-09-03 01:40:23] Saved checkpoint: checkpoints\checkpoint_step_500.pt
[2025-09-03 02:00:53] Trainer initialized successfully
[2025-09-03 02:00:53] Model: {'total_parameters': 33997056, 'trainable_parameters': 33997056, 'model_size_mb': 129.6884765625, 'layers': 6, 'embedding_dim': 256, 'hidden_dim': 1024, 'heads': 8, 'vocab_size': 50257}
[2025-09-03 02:00:53] Training config: {'batch_size': 16, 'block_size': 64, 'gradient_accumulation_steps': 8, 'effective_batch_size': 128, 'max_iters': 500, 'learning_rate': 0.0001, 'min_lr': 5e-05, 'weight_decay': 0.1, 'warmup_steps': 1000, 'device': 'cuda', 'mixed_precision': False}
[2025-09-03 02:00:53] Starting training...
[2025-09-03 02:00:53] Training for 500 steps
[2025-09-03 02:00:56] Step     10 | Loss: 84.0624 | LR: 1.00e-04 | Tokens/s: 29169 | Time: 0.28s
[2025-09-03 02:00:59] Step     20 | Loss: 80.9193 | LR: 9.98e-05 | Tokens/s: 28765 | Time: 0.28s
[2025-09-03 02:01:02] Step     30 | Loss: 78.4393 | LR: 9.96e-05 | Tokens/s: 28729 | Time: 0.29s
[2025-09-03 02:01:05] Step     40 | Loss: 75.2584 | LR: 9.92e-05 | Tokens/s: 28733 | Time: 0.29s
[2025-09-03 02:01:08] Step     50 | Loss: 73.0928 | LR: 9.88e-05 | Tokens/s: 27684 | Time: 0.30s
[2025-09-03 02:01:11] Step     60 | Loss: 70.6785 | LR: 9.82e-05 | Tokens/s: 27837 | Time: 0.29s
[2025-09-03 02:01:14] Step     70 | Loss: 68.2204 | LR: 9.76e-05 | Tokens/s: 29731 | Time: 0.28s
[2025-09-03 02:01:17] Step     80 | Loss: 66.0273 | LR: 9.69e-05 | Tokens/s: 28284 | Time: 0.29s
[2025-09-03 02:01:19] Step     90 | Loss: 63.6840 | LR: 9.61e-05 | Tokens/s: 28768 | Time: 0.28s
[2025-09-03 02:01:22] Step    100 | Loss: 62.0832 | LR: 9.52e-05 | Tokens/s: 28764 | Time: 0.28s
[2025-09-03 02:01:22] Running evaluation...
[2025-09-03 02:01:34] Eval    100 | Train: 7.6930 | Val: 7.6978 | Time: 11.61s
[2025-09-03 02:01:34] New best validation loss: 7.6978
[2025-09-03 02:01:34] Saved checkpoint: checkpoints\checkpoint_step_100.pt
[2025-09-03 02:01:35] Saved best model: checkpoints\best_model.pt
[2025-09-03 02:01:38] Step    110 | Loss: 59.6370 | LR: 9.43e-05 | Tokens/s: 27256 | Time: 0.30s
[2025-09-03 02:01:41] Step    120 | Loss: 58.0974 | LR: 9.32e-05 | Tokens/s: 28667 | Time: 0.29s
[2025-09-03 02:01:44] Step    130 | Loss: 56.4260 | LR: 9.21e-05 | Tokens/s: 28167 | Time: 0.29s
[2025-09-03 02:01:47] Step    140 | Loss: 54.0513 | LR: 9.09e-05 | Tokens/s: 28381 | Time: 0.29s
[2025-09-03 02:01:50] Step    150 | Loss: 52.5984 | LR: 8.97e-05 | Tokens/s: 28739 | Time: 0.29s
[2025-09-03 02:01:53] Step    160 | Loss: 51.3408 | LR: 8.84e-05 | Tokens/s: 28716 | Time: 0.29s
[2025-09-03 02:01:55] Step    170 | Loss: 49.7239 | LR: 8.70e-05 | Tokens/s: 28804 | Time: 0.28s
[2025-09-03 02:01:58] Step    180 | Loss: 48.0413 | LR: 8.56e-05 | Tokens/s: 28131 | Time: 0.29s
[2025-09-03 02:02:01] Step    190 | Loss: 46.6217 | LR: 8.42e-05 | Tokens/s: 27727 | Time: 0.30s
[2025-09-03 02:02:04] Step    200 | Loss: 45.6654 | LR: 8.27e-05 | Tokens/s: 28636 | Time: 0.29s
[2025-09-03 02:02:04] Running evaluation...
[2025-09-03 02:02:16] Eval    200 | Train: 5.7194 | Val: 5.7213 | Time: 11.63s
[2025-09-03 02:02:16] New best validation loss: 5.7213
[2025-09-03 02:02:16] Saved checkpoint: checkpoints\checkpoint_step_200.pt
[2025-09-03 02:02:17] Saved best model: checkpoints\best_model.pt
[2025-09-03 02:02:20] Step    210 | Loss: 45.0863 | LR: 8.12e-05 | Tokens/s: 28772 | Time: 0.28s
[2025-09-03 02:02:23] Step    220 | Loss: 44.2070 | LR: 7.97e-05 | Tokens/s: 28705 | Time: 0.29s
[2025-09-03 02:02:26] Step    230 | Loss: 43.5326 | LR: 7.81e-05 | Tokens/s: 27214 | Time: 0.30s
[2025-09-03 02:02:29] Step    240 | Loss: 42.4918 | LR: 7.66e-05 | Tokens/s: 27114 | Time: 0.30s
[2025-09-03 02:02:32] Step    250 | Loss: 41.7061 | LR: 7.50e-05 | Tokens/s: 27236 | Time: 0.30s
[2025-09-03 02:02:35] Step    260 | Loss: 41.5481 | LR: 7.34e-05 | Tokens/s: 27552 | Time: 0.30s
[2025-09-03 02:02:37] Step    270 | Loss: 40.8470 | LR: 7.19e-05 | Tokens/s: 27472 | Time: 0.30s
[2025-09-03 02:02:40] Step    280 | Loss: 40.4411 | LR: 7.03e-05 | Tokens/s: 28632 | Time: 0.29s
[2025-09-03 02:02:43] Step    290 | Loss: 39.3108 | LR: 6.88e-05 | Tokens/s: 27053 | Time: 0.30s
[2025-09-03 02:02:46] Step    300 | Loss: 39.4132 | LR: 6.73e-05 | Tokens/s: 29264 | Time: 0.28s
[2025-09-03 02:02:46] Running evaluation...
[2025-09-03 02:02:58] Eval    300 | Train: 4.9117 | Val: 4.9066 | Time: 11.72s
[2025-09-03 02:02:58] New best validation loss: 4.9066
[2025-09-03 02:02:58] Saved checkpoint: checkpoints\checkpoint_step_300.pt
[2025-09-03 02:02:59] Saved best model: checkpoints\best_model.pt
[2025-09-03 02:03:02] Step    310 | Loss: 38.9375 | LR: 6.58e-05 | Tokens/s: 27401 | Time: 0.30s
[2025-09-03 02:03:05] Step    320 | Loss: 39.0212 | LR: 6.44e-05 | Tokens/s: 28259 | Time: 0.29s
[2025-09-03 02:03:08] Step    330 | Loss: 38.1816 | LR: 6.30e-05 | Tokens/s: 28642 | Time: 0.29s
[2025-09-03 02:03:11] Step    340 | Loss: 38.0259 | LR: 6.16e-05 | Tokens/s: 28378 | Time: 0.29s
[2025-09-03 02:03:14] Step    350 | Loss: 37.7956 | LR: 6.03e-05 | Tokens/s: 27993 | Time: 0.29s
[2025-09-03 02:03:17] Step    360 | Loss: 37.0033 | LR: 5.91e-05 | Tokens/s: 28366 | Time: 0.29s
[2025-09-03 02:03:19] Step    370 | Loss: 36.9881 | LR: 5.79e-05 | Tokens/s: 28728 | Time: 0.29s
[2025-09-03 02:03:22] Step    380 | Loss: 36.8461 | LR: 5.68e-05 | Tokens/s: 29136 | Time: 0.28s
[2025-09-03 02:03:25] Step    390 | Loss: 37.3366 | LR: 5.57e-05 | Tokens/s: 29397 | Time: 0.28s
[2025-09-03 02:03:28] Step    400 | Loss: 36.5906 | LR: 5.48e-05 | Tokens/s: 27935 | Time: 0.29s
[2025-09-03 02:03:28] Running evaluation...
[2025-09-03 02:03:40] Eval    400 | Train: 4.5714 | Val: 4.5668 | Time: 11.67s
[2025-09-03 02:03:40] New best validation loss: 4.5668
[2025-09-03 02:03:40] Saved checkpoint: checkpoints\checkpoint_step_400.pt
[2025-09-03 02:03:41] Saved best model: checkpoints\best_model.pt
[2025-09-03 02:03:44] Step    410 | Loss: 36.5005 | LR: 5.39e-05 | Tokens/s: 27220 | Time: 0.30s
[2025-09-03 02:03:47] Step    420 | Loss: 36.3591 | LR: 5.31e-05 | Tokens/s: 28735 | Time: 0.29s
[2025-09-03 02:03:50] Step    430 | Loss: 35.8759 | LR: 5.24e-05 | Tokens/s: 28646 | Time: 0.29s
[2025-09-03 02:03:53] Step    440 | Loss: 35.8016 | LR: 5.18e-05 | Tokens/s: 27175 | Time: 0.30s
[2025-09-03 02:03:56] Step    450 | Loss: 35.6830 | LR: 5.12e-05 | Tokens/s: 28390 | Time: 0.29s
[2025-09-03 02:03:59] Step    460 | Loss: 35.2683 | LR: 5.08e-05 | Tokens/s: 28505 | Time: 0.29s
[2025-09-03 02:04:02] Step    470 | Loss: 34.6760 | LR: 5.04e-05 | Tokens/s: 28069 | Time: 0.29s
[2025-09-03 02:04:04] Step    480 | Loss: 35.0955 | LR: 5.02e-05 | Tokens/s: 28290 | Time: 0.29s
[2025-09-03 02:04:07] Step    490 | Loss: 35.1880 | LR: 5.00e-05 | Tokens/s: 25835 | Time: 0.32s
[2025-09-03 02:04:11] Step    500 | Loss: 35.1403 | LR: 5.00e-05 | Tokens/s: 25809 | Time: 0.32s
[2025-09-03 02:04:11] Running evaluation...
[2025-09-03 02:04:23] Eval    500 | Train: 4.3693 | Val: 4.3735 | Time: 12.17s
[2025-09-03 02:04:23] New best validation loss: 4.3735
[2025-09-03 02:04:23] Saved checkpoint: checkpoints\checkpoint_step_500.pt
[2025-09-03 02:04:24] Saved best model: checkpoints\best_model.pt
[2025-09-03 02:04:25] Saved checkpoint: checkpoints\checkpoint_step_500.pt
[2025-09-03 02:04:25] Training completed!
[2025-09-03 02:04:25] Total training time: 212.16s (0.06h)
[2025-09-03 02:04:25] Running final evaluation...
[2025-09-03 02:04:38] Final losses - Train: 4.3667, Val: 4.3696
[2025-09-03 02:04:38] Saved checkpoint: checkpoints\checkpoint_step_500.pt
